<?xml version="1.0" encoding="UTF-8"?>
<testng-results ignored="0" total="10" passed="10" failed="0" skipped="0">
  <reporter-output>
  </reporter-output>
  <suite started-at="2023-04-04T17:06:21 MSK" name="All Test Suite" finished-at="2023-04-04T17:06:32 MSK" duration-ms="10818">
    <groups>
    </groups>
    <test started-at="2023-04-04T17:06:21 MSK" name="C:/Users/Admin/IdeaProjects/SDET/PetStoreAutomation/src/test/java/api/test/UserTests.java" finished-at="2023-04-04T17:06:32 MSK" duration-ms="10818">
      <class name="api.test.UserTests2">
        <test-method is-config="true" signature="setup()[pri:0, instance:api.test.UserTests2@4d5650ae]" started-at="2023-04-04T17:06:21 MSK" name="setup" finished-at="2023-04-04T17:06:22 MSK" duration-ms="496" status="PASS">
          <reporter-output>
          </reporter-output>
        </test-method> <!-- setup -->
        <test-method signature="testPostUser()[pri:1, instance:api.test.UserTests2@4d5650ae]" started-at="2023-04-04T17:06:22 MSK" name="testPostUser" finished-at="2023-04-04T17:06:24 MSK" duration-ms="2174" status="PASS">
          <reporter-output>
          </reporter-output>
        </test-method> <!-- testPostUser -->
        <test-method signature="testGetUserByName()[pri:2, instance:api.test.UserTests2@4d5650ae]" started-at="2023-04-04T17:06:24 MSK" name="testGetUserByName" finished-at="2023-04-04T17:06:25 MSK" duration-ms="787" status="PASS">
          <reporter-output>
          </reporter-output>
        </test-method> <!-- testGetUserByName -->
        <test-method signature="testUpdateUser()[pri:3, instance:api.test.UserTests2@4d5650ae]" started-at="2023-04-04T17:06:25 MSK" name="testUpdateUser" finished-at="2023-04-04T17:06:26 MSK" duration-ms="1383" status="PASS">
          <reporter-output>
          </reporter-output>
        </test-method> <!-- testUpdateUser -->
        <test-method signature="testDeleteUserByName()[pri:4, instance:api.test.UserTests2@4d5650ae]" started-at="2023-04-04T17:06:26 MSK" name="testDeleteUserByName" finished-at="2023-04-04T17:06:27 MSK" duration-ms="659" status="PASS">
          <reporter-output>
          </reporter-output>
        </test-method> <!-- testDeleteUserByName -->
      </class> <!-- api.test.UserTests2 -->
      <class name="api.test.DDTests">
        <test-method signature="testPostuser(java.lang.String,java.lang.String,java.lang.String,java.lang.String,java.lang.String,java.lang.String,java.lang.String)[pri:1, instance:api.test.DDTests@25641d39]" started-at="2023-04-04T17:06:28 MSK" name="testPostuser" data-provider="Data" finished-at="2023-04-04T17:06:28 MSK" duration-ms="683" status="PASS">
          <params>
            <param index="0">
              <value>
                <![CDATA[1010]]>
              </value>
            </param>
            <param index="1">
              <value>
                <![CDATA[testuser1]]>
              </value>
            </param>
            <param index="2">
              <value>
                <![CDATA[John]]>
              </value>
            </param>
            <param index="3">
              <value>
                <![CDATA[Canedy]]>
              </value>
            </param>
            <param index="4">
              <value>
                <![CDATA[a@gmail.com]]>
              </value>
            </param>
            <param index="5">
              <value>
                <![CDATA[test@1]]>
              </value>
            </param>
            <param index="6">
              <value>
                <![CDATA[1234567897]]>
              </value>
            </param>
          </params>
          <reporter-output>
          </reporter-output>
        </test-method> <!-- testPostuser -->
        <test-method signature="testPostuser(java.lang.String,java.lang.String,java.lang.String,java.lang.String,java.lang.String,java.lang.String,java.lang.String)[pri:1, instance:api.test.DDTests@25641d39]" started-at="2023-04-04T17:06:28 MSK" name="testPostuser" data-provider="Data" finished-at="2023-04-04T17:06:29 MSK" duration-ms="723" status="PASS">
          <params>
            <param index="0">
              <value>
                <![CDATA[1020]]>
              </value>
            </param>
            <param index="1">
              <value>
                <![CDATA[testuser2]]>
              </value>
            </param>
            <param index="2">
              <value>
                <![CDATA[Kim]]>
              </value>
            </param>
            <param index="3">
              <value>
                <![CDATA[Kom]]>
              </value>
            </param>
            <param index="4">
              <value>
                <![CDATA[b@gmail.com]]>
              </value>
            </param>
            <param index="5">
              <value>
                <![CDATA[test@2]]>
              </value>
            </param>
            <param index="6">
              <value>
                <![CDATA[1234567897]]>
              </value>
            </param>
          </params>
          <reporter-output>
          </reporter-output>
        </test-method> <!-- testPostuser -->
        <test-method signature="testPostuser(java.lang.String,java.lang.String,java.lang.String,java.lang.String,java.lang.String,java.lang.String,java.lang.String)[pri:1, instance:api.test.DDTests@25641d39]" started-at="2023-04-04T17:06:29 MSK" name="testPostuser" data-provider="Data" finished-at="2023-04-04T17:06:30 MSK" duration-ms="714" status="PASS">
          <params>
            <param index="0">
              <value>
                <![CDATA[1030]]>
              </value>
            </param>
            <param index="1">
              <value>
                <![CDATA[testuser3]]>
              </value>
            </param>
            <param index="2">
              <value>
                <![CDATA[Smith]]>
              </value>
            </param>
            <param index="3">
              <value>
                <![CDATA[Steve]]>
              </value>
            </param>
            <param index="4">
              <value>
                <![CDATA[c@gmail.com]]>
              </value>
            </param>
            <param index="5">
              <value>
                <![CDATA[test@3]]>
              </value>
            </param>
            <param index="6">
              <value>
                <![CDATA[1234567897]]>
              </value>
            </param>
          </params>
          <reporter-output>
          </reporter-output>
        </test-method> <!-- testPostuser -->
        <test-method signature="testDeleteUserByName(java.lang.String)[pri:2, instance:api.test.DDTests@25641d39]" started-at="2023-04-04T17:06:30 MSK" name="testDeleteUserByName" data-provider="UserNames" finished-at="2023-04-04T17:06:31 MSK" duration-ms="657" status="PASS">
          <params>
            <param index="0">
              <value>
                <![CDATA[testuser1]]>
              </value>
            </param>
          </params>
          <reporter-output>
          </reporter-output>
        </test-method> <!-- testDeleteUserByName -->
        <test-method signature="testDeleteUserByName(java.lang.String)[pri:2, instance:api.test.DDTests@25641d39]" started-at="2023-04-04T17:06:31 MSK" name="testDeleteUserByName" data-provider="UserNames" finished-at="2023-04-04T17:06:31 MSK" duration-ms="732" status="PASS">
          <params>
            <param index="0">
              <value>
                <![CDATA[testuser2]]>
              </value>
            </param>
          </params>
          <reporter-output>
          </reporter-output>
        </test-method> <!-- testDeleteUserByName -->
        <test-method signature="testDeleteUserByName(java.lang.String)[pri:2, instance:api.test.DDTests@25641d39]" started-at="2023-04-04T17:06:31 MSK" name="testDeleteUserByName" data-provider="UserNames" finished-at="2023-04-04T17:06:32 MSK" duration-ms="723" status="PASS">
          <params>
            <param index="0">
              <value>
                <![CDATA[testuser3]]>
              </value>
            </param>
          </params>
          <reporter-output>
          </reporter-output>
        </test-method> <!-- testDeleteUserByName -->
      </class> <!-- api.test.DDTests -->
    </test> <!-- C:/Users/Admin/IdeaProjects/SDET/PetStoreAutomation/src/test/java/api/test/UserTests.java -->
  </suite> <!-- All Test Suite -->
</testng-results>
